# JRE version: OpenJDK Runtime Environment Temurin-21.0.10+7 (21.0.10+7) (build 21.0.10+7-LTS)
# Java VM: OpenJDK 64-Bit Server VM Temurin-21.0.10+7 (21.0.10+7-LTS, mixed mode, sharing, tiered, compressed oops, compressed class ptrs, parallel gc, windows-amd64)
GC Precious Log:
 CardTable entry size: 512
 CPUs: 8 total, 8 available
 Memory: 8022M
 Large Page Support: Disabled
 NUMA Support: Disabled
 Compressed Oops: Enabled (32-bit)
 Alignments: Space 512K, Generation 512K, Heap 2M
 Heap Min Capacity: 100M
 Heap Initial Capacity: 100M
 Heap Max Capacity: 2G
 Pre-touch: Disabled
 Parallel Workers: 8
Heap:
 PSYoungGen      total 2048K, used 1728K [0x00000000d5580000, 0x00000000d5880000, 0x0000000100000000)
  eden space 1024K, 100% used [0x00000000d5580000,0x00000000d5680000,0x00000000d5680000)
  from space 1024K, 68% used [0x00000000d5680000,0x00000000d5730010,0x00000000d5780000)
  to   space 1024K, 0% used [0x00000000d5780000,0x00000000d5780000,0x00000000d5880000)
 ParOldGen       total 98304K, used 98041K [0x0000000080000000, 0x0000000086000000, 0x00000000d5580000)
  object space 98304K, 99% used [0x0000000080000000,0x0000000085fbe640,0x0000000086000000)
 Metaspace       used 71989K, committed 73408K, reserved 1114112K
  class space    used 7451K, committed 8128K, reserved 1048576K
GC Heap History (20 events):
Event: 7157.600 GC heap before
{Heap before GC invocations=230 (full 4):
 PSYoungGen      total 2048K, used 1568K [0x00000000d5580000, 0x00000000d5880000, 0x0000000100000000)
  eden space 1024K, 100% used [0x00000000d5580000,0x00000000d5680000,0x00000000d5680000)
  from space 1024K, 53% used [0x00000000d5700000,0x00000000d5788020,0x00000000d5800000)
  to   space 512K, 0% used [0x00000000d5800000,0x00000000d5800000,0x00000000d5880000)
 ParOldGen       total 93696K, used 93225K [0x0000000080000000, 0x0000000085b80000, 0x00000000d5580000)
  object space 93696K, 99% used [0x0000000080000000,0x0000000085b0a6c0,0x0000000085b80000)
 Metaspace       used 71979K, committed 73408K, reserved 1114112K
  class space    used 7451K, committed 8128K, reserved 1048576K
}
Event: 7157.603 GC heap after
{Heap after GC invocations=230 (full 4):
 PSYoungGen      total 1536K, used 480K [0x00000000d5580000, 0x00000000d5880000, 0x0000000100000000)
  eden space 1024K, 0% used [0x00000000d5580000,0x00000000d5580000,0x00000000d5680000)
  from space 512K, 93% used [0x00000000d5800000,0x00000000d5878000,0x00000000d5880000)
  to   space 1024K, 0% used [0x00000000d5680000,0x00000000d5680000,0x00000000d5780000)
 ParOldGen       total 94208K, used 93700K [0x0000000080000000, 0x0000000085c00000, 0x00000000d5580000)
  object space 94208K, 99% used [0x0000000080000000,0x0000000085b81270,0x0000000085c00000)
 Metaspace       used 71979K, committed 73408K, reserved 1114112K
  class space    used 7451K, committed 8128K, reserved 1048576K
}
Event: 7157.848 GC heap before
{Heap before GC invocations=231 (full 4):
 PSYoungGen      total 1536K, used 1504K [0x00000000d5580000, 0x00000000d5880000, 0x0000000100000000)
  eden space 1024K, 100% used [0x00000000d5580000,0x00000000d5680000,0x00000000d5680000)
  from space 512K, 93% used [0x00000000d5800000,0x00000000d5878000,0x00000000d5880000)
  to   space 1024K, 0% used [0x00000000d5680000,0x00000000d5680000,0x00000000d5780000)
 ParOldGen       total 94208K, used 93700K [0x0000000080000000, 0x0000000085c00000, 0x00000000d5580000)
  object space 94208K, 99% used [0x0000000080000000,0x0000000085b81270,0x0000000085c00000)
 Metaspace       used 71979K, committed 73408K, reserved 1114112K
  class space    used 7451K, committed 8128K, reserved 1048576K
}
Event: 7157.850 GC heap after
{Heap after GC invocations=231 (full 4):
 PSYoungGen      total 2048K, used 704K [0x00000000d5580000, 0x00000000d5880000, 0x0000000100000000)
  eden space 1024K, 0% used [0x00000000d5580000,0x00000000d5580000,0x00000000d5680000)
  from space 1024K, 68% used [0x00000000d5680000,0x00000000d5730020,0x00000000d5780000)
  to   space 1024K, 0% used [0x00000000d5780000,0x00000000d5780000,0x00000000d5880000)
 ParOldGen       total 94208K, used 94016K [0x0000000080000000, 0x0000000085c00000, 0x00000000d5580000)
  object space 94208K, 99% used [0x0000000080000000,0x0000000085bd0200,0x0000000085c00000)
 Metaspace       used 71979K, committed 73408K, reserved 1114112K
  class space    used 7451K, committed 8128K, reserved 1048576K
}
Event: 7157.865 GC heap before
{Heap before GC invocations=232 (full 4):
 PSYoungGen      total 2048K, used 1728K [0x00000000d5580000, 0x00000000d5880000, 0x0000000100000000)
  eden space 1024K, 100% used [0x00000000d5580000,0x00000000d5680000,0x00000000d5680000)
  from space 1024K, 68% used [0x00000000d5680000,0x00000000d5730020,0x00000000d5780000)
  to   space 1024K, 0% used [0x00000000d5780000,0x00000000d5780000,0x00000000d5880000)
 ParOldGen       total 94208K, used 94016K [0x0000000080000000, 0x0000000085c00000, 0x00000000d5580000)
  object space 94208K, 99% used [0x0000000080000000,0x0000000085bd0200,0x0000000085c00000)
 Metaspace       used 71979K, committed 73408K, reserved 1114112K
  class space    used 7451K, committed 8128K, reserved 1048576K
}
Event: 7157.868 GC heap after
{Heap after GC invocations=232 (full 4):
 PSYoungGen      total 2048K, used 523K [0x00000000d5580000, 0x00000000d5880000, 0x0000000100000000)
  eden space 1024K, 0% used [0x00000000d5580000,0x00000000d5580000,0x00000000d5680000)
  from space 1024K, 51% used [0x00000000d5780000,0x00000000d5802de0,0x00000000d5880000)
  to   space 1024K, 0% used [0x00000000d5680000,0x00000000d5680000,0x00000000d5780000)
 ParOldGen       total 94720K, used 94544K [0x0000000080000000, 0x0000000085c80000, 0x00000000d5580000)
  object space 94720K, 99% used [0x0000000080000000,0x0000000085c54220,0x0000000085c80000)
 Metaspace       used 71979K, committed 73408K, reserved 1114112K
  class space    used 7451K, committed 8128K, reserved 1048576K
}
Event: 7158.096 GC heap before
{Heap before GC invocations=233 (full 4):
 PSYoungGen      total 2048K, used 1547K [0x00000000d5580000, 0x00000000d5880000, 0x0000000100000000)
  eden space 1024K, 100% used [0x00000000d5580000,0x00000000d5680000,0x00000000d5680000)
  from space 1024K, 51% used [0x00000000d5780000,0x00000000d5802de0,0x00000000d5880000)
  to   space 1024K, 0% used [0x00000000d5680000,0x00000000d5680000,0x00000000d5780000)
 ParOldGen       total 94720K, used 94544K [0x0000000080000000, 0x0000000085c80000, 0x00000000d5580000)
  object space 94720K, 99% used [0x0000000080000000,0x0000000085c54220,0x0000000085c80000)
 Metaspace       used 71980K, committed 73408K, reserved 1114112K
  class space    used 7451K, committed 8128K, reserved 1048576K
}
Event: 7158.098 GC heap after
{Heap after GC invocations=233 (full 4):
 PSYoungGen      total 2048K, used 512K [0x00000000d5580000, 0x00000000d5880000, 0x0000000100000000)
  eden space 1024K, 0% used [0x00000000d5580000,0x00000000d5580000,0x00000000d5680000)
  from space 1024K, 50% used [0x00000000d5680000,0x00000000d5700000,0x00000000d5780000)
  to   space 1024K, 0% used [0x00000000d5780000,0x00000000d5780000,0x00000000d5880000)
 ParOldGen       total 95232K, used 94936K [0x0000000080000000, 0x0000000085d00000, 0x00000000d5580000)
  object space 95232K, 99% used [0x0000000080000000,0x0000000085cb6048,0x0000000085d00000)
 Metaspace       used 71980K, committed 73408K, reserved 1114112K
  class space    used 7451K, committed 8128K, reserved 1048576K
}
Event: 7158.375 GC heap before
{Heap before GC invocations=234 (full 4):
 PSYoungGen      total 2048K, used 1536K [0x00000000d5580000, 0x00000000d5880000, 0x0000000100000000)
  eden space 1024K, 100% used [0x00000000d5580000,0x00000000d5680000,0x00000000d5680000)
  from space 1024K, 50% used [0x00000000d5680000,0x00000000d5700000,0x00000000d5780000)
  to   space 1024K, 0% used [0x00000000d5780000,0x00000000d5780000,0x00000000d5880000)
 ParOldGen       total 95232K, used 94936K [0x0000000080000000, 0x0000000085d00000, 0x00000000d5580000)
  object space 95232K, 99% used [0x0000000080000000,0x0000000085cb6048,0x0000000085d00000)
 Metaspace       used 71980K, committed 73408K, reserved 1114112K
  class space    used 7451K, committed 8128K, reserved 1048576K
}
Event: 7158.382 GC heap after
{Heap after GC invocations=234 (full 4):
 PSYoungGen      total 2048K, used 592K [0x00000000d5580000, 0x00000000d5880000, 0x0000000100000000)
  eden space 1024K, 0% used [0x00000000d5580000,0x00000000d5580000,0x00000000d5680000)
  from space 1024K, 57% used [0x00000000d5780000,0x00000000d5814010,0x00000000d5880000)
  to   space 1024K, 0% used [0x00000000d5680000,0x00000000d5680000,0x00000000d5780000)
 ParOldGen       total 95744K, used 95352K [0x0000000080000000, 0x0000000085d80000, 0x00000000d5580000)
  object space 95744K, 99% used [0x0000000080000000,0x0000000085d1e048,0x0000000085d80000)
 Metaspace       used 71980K, committed 73408K, reserved 1114112K
  class space    used 7451K, committed 8128K, reserved 1048576K
}
Event: 7158.935 GC heap before
{Heap before GC invocations=235 (full 4):
 PSYoungGen      total 2048K, used 1616K [0x00000000d5580000, 0x00000000d5880000, 0x0000000100000000)
  eden space 1024K, 100% used [0x00000000d5580000,0x00000000d5680000,0x00000000d5680000)
  from space 1024K, 57% used [0x00000000d5780000,0x00000000d5814010,0x00000000d5880000)
  to   space 1024K, 0% used [0x00000000d5680000,0x00000000d5680000,0x00000000d5780000)
 ParOldGen       total 95744K, used 95352K [0x0000000080000000, 0x0000000085d80000, 0x00000000d5580000)
  object space 95744K, 99% used [0x0000000080000000,0x0000000085d1e048,0x0000000085d80000)
 Metaspace       used 71982K, committed 73408K, reserved 1114112K
  class space    used 7451K, committed 8128K, reserved 1048576K
}
Event: 7158.942 GC heap after
{Heap after GC invocations=235 (full 4):
 PSYoungGen      total 2048K, used 660K [0x00000000d5580000, 0x00000000d5880000, 0x0000000100000000)
  eden space 1024K, 0% used [0x00000000d5580000,0x00000000d5580000,0x00000000d5680000)
  from space 1024K, 64% used [0x00000000d5680000,0x00000000d5725300,0x00000000d5780000)
  to   space 1024K, 0% used [0x00000000d5780000,0x00000000d5780000,0x00000000d5880000)
 ParOldGen       total 96256K, used 95796K [0x0000000080000000, 0x0000000085e00000, 0x00000000d5580000)
  object space 96256K, 99% used [0x0000000080000000,0x0000000085d8d068,0x0000000085e00000)
 Metaspace       used 71982K, committed 73408K, reserved 1114112K
  class space    used 7451K, committed 8128K, reserved 1048576K
}
Event: 7159.496 GC heap before
{Heap before GC invocations=236 (full 4):
 PSYoungGen      total 2048K, used 1684K [0x00000000d5580000, 0x00000000d5880000, 0x0000000100000000)
  eden space 1024K, 100% used [0x00000000d5580000,0x00000000d5680000,0x00000000d5680000)
  from space 1024K, 64% used [0x00000000d5680000,0x00000000d5725300,0x00000000d5780000)
  to   space 1024K, 0% used [0x00000000d5780000,0x00000000d5780000,0x00000000d5880000)
 ParOldGen       total 96256K, used 95796K [0x0000000080000000, 0x0000000085e00000, 0x00000000d5580000)
  object space 96256K, 99% used [0x0000000080000000,0x0000000085d8d068,0x0000000085e00000)
 Metaspace       used 71984K, committed 73408K, reserved 1114112K
  class space    used 7451K, committed 8128K, reserved 1048576K
}
Event: 7159.498 GC heap after
{Heap after GC invocations=236 (full 4):
 PSYoungGen      total 2048K, used 704K [0x00000000d5580000, 0x00000000d5880000, 0x0000000100000000)
  eden space 1024K, 0% used [0x00000000d5580000,0x00000000d5580000,0x00000000d5680000)
  from space 1024K, 68% used [0x00000000d5780000,0x00000000d5830010,0x00000000d5880000)
  to   space 1024K, 0% used [0x00000000d5680000,0x00000000d5680000,0x00000000d5780000)
 ParOldGen       total 96768K, used 96290K [0x0000000080000000, 0x0000000085e80000, 0x00000000d5580000)
  object space 96768K, 99% used [0x0000000080000000,0x0000000085e08958,0x0000000085e80000)
 Metaspace       used 71984K, committed 73408K, reserved 1114112K
  class space    used 7451K, committed 8128K, reserved 1048576K
}
Event: 7159.514 GC heap before
{Heap before GC invocations=237 (full 4):
 PSYoungGen      total 2048K, used 1684K [0x00000000d5580000, 0x00000000d5880000, 0x0000000100000000)
  eden space 1024K, 95% used [0x00000000d5580000,0x00000000d5675108,0x00000000d5680000)
  from space 1024K, 68% used [0x00000000d5780000,0x00000000d5830010,0x00000000d5880000)
  to   space 1024K, 0% used [0x00000000d5680000,0x00000000d5680000,0x00000000d5780000)
 ParOldGen       total 96768K, used 96290K [0x0000000080000000, 0x0000000085e80000, 0x00000000d5580000)
  object space 96768K, 99% used [0x0000000080000000,0x0000000085e08958,0x0000000085e80000)
 Metaspace       used 71985K, committed 73408K, reserved 1114112K
  class space    used 7451K, committed 8128K, reserved 1048576K
}
Event: 7159.519 GC heap after
{Heap after GC invocations=237 (full 4):
 PSYoungGen      total 2048K, used 704K [0x00000000d5580000, 0x00000000d5880000, 0x0000000100000000)
  eden space 1024K, 0% used [0x00000000d5580000,0x00000000d5580000,0x00000000d5680000)
  from space 1024K, 68% used [0x00000000d5680000,0x00000000d5730000,0x00000000d5780000)
  to   space 1024K, 0% used [0x00000000d5780000,0x00000000d5780000,0x00000000d5880000)
 ParOldGen       total 97280K, used 96839K [0x0000000080000000, 0x0000000085f00000, 0x00000000d5580000)
  object space 97280K, 99% used [0x0000000080000000,0x0000000085e91fe8,0x0000000085f00000)
 Metaspace       used 71985K, committed 73408K, reserved 1114112K
  class space    used 7451K, committed 8128K, reserved 1048576K
}
Event: 7160.070 GC heap before
{Heap before GC invocations=238 (full 4):
 PSYoungGen      total 2048K, used 1728K [0x00000000d5580000, 0x00000000d5880000, 0x0000000100000000)
  eden space 1024K, 100% used [0x00000000d5580000,0x00000000d5680000,0x00000000d5680000)
  from space 1024K, 68% used [0x00000000d5680000,0x00000000d5730000,0x00000000d5780000)
  to   space 1024K, 0% used [0x00000000d5780000,0x00000000d5780000,0x00000000d5880000)
 ParOldGen       total 97280K, used 96839K [0x0000000080000000, 0x0000000085f00000, 0x00000000d5580000)
  object space 97280K, 99% used [0x0000000080000000,0x0000000085e91fe8,0x0000000085f00000)
 Metaspace       used 71987K, committed 73408K, reserved 1114112K
  class space    used 7451K, committed 8128K, reserved 1048576K
}
Event: 7160.073 GC heap after
{Heap after GC invocations=238 (full 4):
 PSYoungGen      total 2048K, used 718K [0x00000000d5580000, 0x00000000d5880000, 0x0000000100000000)
  eden space 1024K, 0% used [0x00000000d5580000,0x00000000d5580000,0x00000000d5680000)
  from space 1024K, 70% used [0x00000000d5780000,0x00000000d5833800,0x00000000d5880000)
  to   space 1024K, 0% used [0x00000000d5680000,0x00000000d5680000,0x00000000d5780000)
 ParOldGen       total 97792K, used 97442K [0x0000000080000000, 0x0000000085f80000, 0x00000000d5580000)
  object space 97792K, 99% used [0x0000000080000000,0x0000000085f28b78,0x0000000085f80000)
 Metaspace       used 71987K, committed 73408K, reserved 1114112K
  class space    used 7451K, committed 8128K, reserved 1048576K
}
Event: 7160.338 GC heap before
{Heap before GC invocations=239 (full 4):
 PSYoungGen      total 2048K, used 1741K [0x00000000d5580000, 0x00000000d5880000, 0x0000000100000000)
  eden space 1024K, 99% used [0x00000000d5580000,0x00000000d567fff0,0x00000000d5680000)
  from space 1024K, 70% used [0x00000000d5780000,0x00000000d5833800,0x00000000d5880000)
  to   space 1024K, 0% used [0x00000000d5680000,0x00000000d5680000,0x00000000d5780000)
 ParOldGen       total 97792K, used 97442K [0x0000000080000000, 0x0000000085f80000, 0x00000000d5580000)
  object space 97792K, 99% used [0x0000000080000000,0x0000000085f28b78,0x0000000085f80000)
 Metaspace       used 71989K, committed 73408K, reserved 1114112K
  class space    used 7451K, committed 8128K, reserved 1048576K
}
Event: 7160.344 GC heap after
{Heap after GC invocations=239 (full 4):
 PSYoungGen      total 2048K, used 704K [0x00000000d5580000, 0x00000000d5880000, 0x0000000100000000)
  eden space 1024K, 0% used [0x00000000d5580000,0x00000000d5580000,0x00000000d5680000)
  from space 1024K, 68% used [0x00000000d5680000,0x00000000d5730010,0x00000000d5780000)
  to   space 1024K, 0% used [0x00000000d5780000,0x00000000d5780000,0x00000000d5880000)
 ParOldGen       total 98304K, used 98041K [0x0000000080000000, 0x0000000086000000, 0x00000000d5580000)
  object space 98304K, 99% used [0x0000000080000000,0x0000000085fbe640,0x0000000086000000)
 Metaspace       used 71989K, committed 73408K, reserved 1114112K
  class space    used 7451K, committed 8128K, reserved 1048576K
}

